Time(s) RSS(KB)
0  3808
1  3808
2  3808
3  3808
4  3808
5  3808
6  3808
7  3808
8  3808
9  3808
10  3808
11  3808
12  3808
13  3808
14  3808
15  3808
16  3808
17  3808
18  3808
19  3808
20  3808
21  3808
22  3808
23  3808
24  3808
25  3808
26  3808
27  3808
28  3808
29  3808
30  3808
31  3808
33  3808
34  3808
35  3808
36  3808
37  3808
38  3808
39  3808
40  3808
41  3808
42  3808
43  3808
44  3808
45  3808
46  3808
47  3808
48  3808
49  3808
50  3808
51  3808
52  3808
53  3808
54  3808
55  3808
56  3808
57  3808
58  3808
59  3808
60  3808
